GROUP,PACKAGE,CLASS,INSTRUCTION_MISSED,INSTRUCTION_COVERED,BRANCH_MISSED,BRANCH_COVERED,LINE_MISSED,LINE_COVERED,COMPLEXITY_MISSED,COMPLEXITY_COVERED,METHOD_MISSED,METHOD_COVERED
report-service,com.medilabosolutions.report_service.service,ReportService,4,176,4,24,0,42,4,16,0,6
report-service,com.medilabosolutions.report_service.constants,TriggerConstants,3,61,0,0,1,1,1,1,1,1
report-service,com.medilabosolutions.report_service.controller,ReportController,0,20,0,0,0,4,0,3,0,3
report-service,com.medilabosolutions.report_service.exception,GlobalExceptionHandler,28,3,0,0,12,1,2,1,2,1
report-service,com.medilabosolutions.report_service.exception,ResourceNotFoundException,0,4,0,0,0,2,0,1,0,1
report-service,com.medilabosolutions.report_service.exception,ErrorResponse,15,0,0,0,1,0,1,0,1,0
report-service,com.medilabosolutions.report_service.exception,FeignClientException,10,0,0,0,4,0,2,0,2,0
report-service,com.medilabosolutions.report_service,ReportServiceApplication,5,3,0,0,2,1,1,1,1,1
