<?xml version="1.0" encoding="UTF-8"?>
<testsuite xmlns:xsi="http://www.w3.org/2001/XMLSchema-instance" xsi:noNamespaceSchemaLocation="https://maven.apache.org/surefire/maven-surefire-plugin/xsd/surefire-test-report-3.0.xsd" version="3.0" name="com.medilabosolutions.report_service.service.ReportServiceTest" time="0.384" tests="14" errors="0" skipped="0" failures="0">
  <properties>
[...]
</properties>
  <testcase name="generateReport_WhenNoteServiceFails_ShouldThrowException" classname="com.medilabosolutions.report_service.service.ReportServiceTest" time="0.27">
    <system-out><![CDATA[2025-09-16T13:58:14.773+02:00  INFO 9360 --- [report-service] [           main] c.m.r.service.ReportService              : ----- Generating report for patient 1
2025-09-16T13:58:14.774+02:00  INFO 9360 --- [report-service] [           main] c.m.r.service.ReportService              : ----- Getting patient 1
2025-09-16T13:58:14.774+02:00  INFO 9360 --- [report-service] [           main] c.m.r.service.ReportService              : ----- Getting notes for patient 1
]]></system-out>
  </testcase>
  <testcase name="generateReport_ShouldReturnCorrectRiskAssessment" classname="com.medilabosolutions.report_service.service.ReportServiceTest" time="0.015">
    <system-out><![CDATA[2025-09-16T13:58:14.828+02:00  INFO 9360 --- [report-service] [           main] c.m.r.service.ReportService              : ----- Generating report for patient 1
2025-09-16T13:58:14.829+02:00  INFO 9360 --- [report-service] [           main] c.m.r.service.ReportService              : ----- Getting patient 1
2025-09-16T13:58:14.829+02:00  INFO 9360 --- [report-service] [           main] c.m.r.service.ReportService              : ----- Getting notes for patient 1
2025-09-16T13:58:14.829+02:00  INFO 9360 --- [report-service] [           main] c.m.r.service.ReportService              : ----- Evaluating risk
]]></system-out>
  </testcase>
  <testcase name="generateReport_ShouldConcatenateFirstNameAndLastName" classname="com.medilabosolutions.report_service.service.ReportServiceTest" time="0.004">
    <system-out><![CDATA[2025-09-16T13:58:14.844+02:00  INFO 9360 --- [report-service] [           main] c.m.r.service.ReportService              : ----- Generating report for patient 1
2025-09-16T13:58:14.844+02:00  INFO 9360 --- [report-service] [           main] c.m.r.service.ReportService              : ----- Getting patient 1
2025-09-16T13:58:14.844+02:00  INFO 9360 --- [report-service] [           main] c.m.r.service.ReportService              : ----- Getting notes for patient 1
2025-09-16T13:58:14.844+02:00  INFO 9360 --- [report-service] [           main] c.m.r.service.ReportService              : ----- Evaluating risk
]]></system-out>
  </testcase>
  <testcase name="generateReport_ShouldCountUniqueTriggersNotOccurrences" classname="com.medilabosolutions.report_service.service.ReportServiceTest" time="0.005">
    <system-out><![CDATA[2025-09-16T13:58:14.851+02:00  INFO 9360 --- [report-service] [           main] c.m.r.service.ReportService              : ----- Generating report for patient 1
2025-09-16T13:58:14.852+02:00  INFO 9360 --- [report-service] [           main] c.m.r.service.ReportService              : ----- Getting patient 1
2025-09-16T13:58:14.852+02:00  INFO 9360 --- [report-service] [           main] c.m.r.service.ReportService              : ----- Getting notes for patient 1
2025-09-16T13:58:14.852+02:00  INFO 9360 --- [report-service] [           main] c.m.r.service.ReportService              : ----- Evaluating risk
]]></system-out>
  </testcase>
  <testcase name="generateReport_ShouldHandleCaseInsensitiveTriggers" classname="com.medilabosolutions.report_service.service.ReportServiceTest" time="0.005">
    <system-out><![CDATA[2025-09-16T13:58:14.857+02:00  INFO 9360 --- [report-service] [           main] c.m.r.service.ReportService              : ----- Generating report for patient 1
2025-09-16T13:58:14.858+02:00  INFO 9360 --- [report-service] [           main] c.m.r.service.ReportService              : ----- Getting patient 1
2025-09-16T13:58:14.858+02:00  INFO 9360 --- [report-service] [           main] c.m.r.service.ReportService              : ----- Getting notes for patient 1
2025-09-16T13:58:14.858+02:00  INFO 9360 --- [report-service] [           main] c.m.r.service.ReportService              : ----- Evaluating risk
]]></system-out>
  </testcase>
  <testcase name="generateReport_WithDifferentGendersAndAges_ShouldReturnCorrectRiskLevels" classname="com.medilabosolutions.report_service.service.ReportServiceTest" time="0.011">
    <system-out><![CDATA[2025-09-16T13:58:14.869+02:00  INFO 9360 --- [report-service] [           main] c.m.r.service.ReportService              : ----- Generating report for patient 1
2025-09-16T13:58:14.869+02:00  INFO 9360 --- [report-service] [           main] c.m.r.service.ReportService              : ----- Getting patient 1
2025-09-16T13:58:14.869+02:00  INFO 9360 --- [report-service] [           main] c.m.r.service.ReportService              : ----- Getting notes for patient 1
2025-09-16T13:58:14.869+02:00  INFO 9360 --- [report-service] [           main] c.m.r.service.ReportService              : ----- Evaluating risk
2025-09-16T13:58:14.870+02:00  INFO 9360 --- [report-service] [           main] c.m.r.service.ReportService              : ----- Generating report for patient 2
2025-09-16T13:58:14.870+02:00  INFO 9360 --- [report-service] [           main] c.m.r.service.ReportService              : ----- Getting patient 2
2025-09-16T13:58:14.871+02:00  INFO 9360 --- [report-service] [           main] c.m.r.service.ReportService              : ----- Getting notes for patient 2
2025-09-16T13:58:14.872+02:00  INFO 9360 --- [report-service] [           main] c.m.r.service.ReportService              : ----- Evaluating risk
]]></system-out>
  </testcase>
  <testcase name="generateReport_ShouldCalculateCorrectAge" classname="com.medilabosolutions.report_service.service.ReportServiceTest" time="0.003">
    <system-out><![CDATA[2025-09-16T13:58:14.877+02:00  INFO 9360 --- [report-service] [           main] c.m.r.service.ReportService              : ----- Generating report for patient 1
2025-09-16T13:58:14.877+02:00  INFO 9360 --- [report-service] [           main] c.m.r.service.ReportService              : ----- Getting patient 1
2025-09-16T13:58:14.877+02:00  INFO 9360 --- [report-service] [           main] c.m.r.service.ReportService              : ----- Getting notes for patient 1
2025-09-16T13:58:14.877+02:00  INFO 9360 --- [report-service] [           main] c.m.r.service.ReportService              : ----- Evaluating risk
]]></system-out>
  </testcase>
  <testcase name="generateReport_WhenNoTriggers_ShouldReturnNoneRisk" classname="com.medilabosolutions.report_service.service.ReportServiceTest" time="0.004">
    <system-out><![CDATA[2025-09-16T13:58:14.880+02:00  INFO 9360 --- [report-service] [           main] c.m.r.service.ReportService              : ----- Generating report for patient 1
2025-09-16T13:58:14.881+02:00  INFO 9360 --- [report-service] [           main] c.m.r.service.ReportService              : ----- Getting patient 1
2025-09-16T13:58:14.881+02:00  INFO 9360 --- [report-service] [           main] c.m.r.service.ReportService              : ----- Getting notes for patient 1
2025-09-16T13:58:14.881+02:00  INFO 9360 --- [report-service] [           main] c.m.r.service.ReportService              : ----- Evaluating risk
]]></system-out>
  </testcase>
  <testcase name="generateReport_WhenInDangerRiskForMaleUnder30_ShouldReturnInDanger" classname="com.medilabosolutions.report_service.service.ReportServiceTest" time="0.005">
    <system-out><![CDATA[2025-09-16T13:58:14.887+02:00  INFO 9360 --- [report-service] [           main] c.m.r.service.ReportService              : ----- Generating report for patient 1
2025-09-16T13:58:14.887+02:00  INFO 9360 --- [report-service] [           main] c.m.r.service.ReportService              : ----- Getting patient 1
2025-09-16T13:58:14.887+02:00  INFO 9360 --- [report-service] [           main] c.m.r.service.ReportService              : ----- Getting notes for patient 1
2025-09-16T13:58:14.887+02:00  INFO 9360 --- [report-service] [           main] c.m.r.service.ReportService              : ----- Evaluating risk
]]></system-out>
  </testcase>
  <testcase name="generateReport_WhenEarlyOnsetRiskForFemaleUnder30_ShouldReturnEarlyOnset" classname="com.medilabosolutions.report_service.service.ReportServiceTest" time="0.003">
    <system-out><![CDATA[2025-09-16T13:58:14.891+02:00  INFO 9360 --- [report-service] [           main] c.m.r.service.ReportService              : ----- Generating report for patient 1
2025-09-16T13:58:14.891+02:00  INFO 9360 --- [report-service] [           main] c.m.r.service.ReportService              : ----- Getting patient 1
2025-09-16T13:58:14.892+02:00  INFO 9360 --- [report-service] [           main] c.m.r.service.ReportService              : ----- Getting notes for patient 1
2025-09-16T13:58:14.892+02:00  INFO 9360 --- [report-service] [           main] c.m.r.service.ReportService              : ----- Evaluating risk
]]></system-out>
  </testcase>
  <testcase name="getNotesByPatientId_WhenSuccessful_ShouldReturnNotes" classname="com.medilabosolutions.report_service.service.ReportServiceTest" time="0.021">
    <system-out><![CDATA[2025-09-16T13:58:14.896+02:00  INFO 9360 --- [report-service] [           main] c.m.r.service.ReportService              : ----- Getting notes for patient 1
]]></system-out>
  </testcase>
  <testcase name="getPatientById_WhenSuccessful_ShouldReturnPatient" classname="com.medilabosolutions.report_service.service.ReportServiceTest" time="0.004">
    <system-out><![CDATA[2025-09-16T13:58:14.918+02:00  INFO 9360 --- [report-service] [           main] c.m.r.service.ReportService              : ----- Getting patient 1
]]></system-out>
  </testcase>
  <testcase name="generateReport_WhenBorderlineRisk_ShouldReturnBorderline" classname="com.medilabosolutions.report_service.service.ReportServiceTest" time="0.004">
    <system-out><![CDATA[2025-09-16T13:58:14.922+02:00  INFO 9360 --- [report-service] [           main] c.m.r.service.ReportService              : ----- Generating report for patient 1
2025-09-16T13:58:14.922+02:00  INFO 9360 --- [report-service] [           main] c.m.r.service.ReportService              : ----- Getting patient 1
2025-09-16T13:58:14.922+02:00  INFO 9360 --- [report-service] [           main] c.m.r.service.ReportService              : ----- Getting notes for patient 1
2025-09-16T13:58:14.922+02:00  INFO 9360 --- [report-service] [           main] c.m.r.service.ReportService              : ----- Evaluating risk
]]></system-out>
  </testcase>
  <testcase name="generateReport_WhenPatientServiceFails_ShouldThrowException" classname="com.medilabosolutions.report_service.service.ReportServiceTest" time="0.005">
    <system-out><![CDATA[2025-09-16T13:58:14.930+02:00  INFO 9360 --- [report-service] [           main] c.m.r.service.ReportService              : ----- Generating report for patient 1
2025-09-16T13:58:14.930+02:00  INFO 9360 --- [report-service] [           main] c.m.r.service.ReportService              : ----- Getting patient 1
]]></system-out>
  </testcase>
</testsuite>