<?xml version="1.0" encoding="UTF-8"?>
<testsuite xmlns:xsi="http://www.w3.org/2001/XMLSchema-instance" xsi:noNamespaceSchemaLocation="https://maven.apache.org/surefire/maven-surefire-plugin/xsd/surefire-test-report-3.0.xsd" version="3.0" name="com.medilabosolutions.note_service.service.NoteServiceTest" time="3.252" tests="8" errors="0" skipped="0" failures="0">
  <properties>
[...]
</properties>
  <testcase name="createNote_ShouldSetCurrentDateAndSaveNote" classname="com.medilabosolutions.note_service.service.NoteServiceTest" time="3.019">
    <system-out><![CDATA[11:39:05.939 [main] INFO com.medilabosolutions.note_service.service.NoteService -- Creating new note: NoteCreateDTO[patId=1, patient=John Doe, note=Nouvelle note de test]
11:39:05.973 [main] INFO com.medilabosolutions.note_service.service.NoteService -- Note created: Note(id=1, patId=1, patient=John Doe, note=Nouvelle note de test, date=2025-09-16T11:39:05.842366700)
]]></system-out>
    <system-err><![CDATA[WARNING: A Java agent has been loaded dynamically (C:\Users\g.bujon\.m2\repository\net\bytebuddy\byte-buddy-agent\1.14.9\byte-buddy-agent-1.14.9.jar)
WARNING: If a serviceability tool is in use, please run with -XX:+EnableDynamicAgentLoading to hide this warning
WARNING: If a serviceability tool is not in use, please run with -Djdk.instrument.traceUsage for more information
WARNING: Dynamic loading of agents will be disallowed by default in a future release
]]></system-err>
  </testcase>
  <testcase name="createNote_ShouldSetCurrentDateTimeAutomatically" classname="com.medilabosolutions.note_service.service.NoteServiceTest" time="0.015">
    <system-out><![CDATA[11:39:06.338 [main] INFO com.medilabosolutions.note_service.service.NoteService -- Creating new note: NoteCreateDTO[patId=1, patient=John Doe, note=Nouvelle note de test]
11:39:06.339 [main] INFO com.medilabosolutions.note_service.service.NoteService -- Note created: Note(id=1, patId=1, patient=John Doe, note=Test date automatique, date=2025-09-16T11:39:06.337041)
]]></system-out>
  </testcase>
  <testcase name="getAllNotesByPatientId_WithDifferentPatientId_ShouldReturnOnlyMatchingNotes" classname="com.medilabosolutions.note_service.service.NoteServiceTest" time="0.052">
    <system-out><![CDATA[11:39:06.360 [main] INFO com.medilabosolutions.note_service.service.NoteService -- Getting all notes for patient: 2
]]></system-out>
  </testcase>
  <testcase name="deleteAllNotes_ShouldCallRepositoryDeleteAll" classname="com.medilabosolutions.note_service.service.NoteServiceTest" time="0.007"/>
  <testcase name="getAllNotesByPatientId_WhenNotesExist_ShouldReturnListOfNoteDTOs" classname="com.medilabosolutions.note_service.service.NoteServiceTest" time="0.018">
    <system-out><![CDATA[11:39:06.420 [main] INFO com.medilabosolutions.note_service.service.NoteService -- Getting all notes for patient: 1
]]></system-out>
  </testcase>
  <testcase name="getAllNotesByPatientId_WithNullPatientName_ShouldHandleNullValues" classname="com.medilabosolutions.note_service.service.NoteServiceTest" time="0.013">
    <system-out><![CDATA[11:39:06.443 [main] INFO com.medilabosolutions.note_service.service.NoteService -- Getting all notes for patient: 3
]]></system-out>
  </testcase>
  <testcase name="getAllNotesByPatientId_WhenNoNotesExist_ShouldReturnEmptyList" classname="com.medilabosolutions.note_service.service.NoteServiceTest" time="0.009">
    <system-out><![CDATA[11:39:06.460 [main] INFO com.medilabosolutions.note_service.service.NoteService -- Getting all notes for patient: 999
]]></system-out>
  </testcase>
  <testcase name="createNote_WithEmptyPatientName_ShouldWorkCorrectly" classname="com.medilabosolutions.note_service.service.NoteServiceTest" time="0.007">
    <system-out><![CDATA[11:39:06.471 [main] INFO com.medilabosolutions.note_service.service.NoteService -- Creating new note: NoteCreateDTO[patId=1, patient=, note=Note avec patient vide]
11:39:06.471 [main] INFO com.medilabosolutions.note_service.service.NoteService -- Note created: Note(id=1, patId=1, patient=, note=Note avec patient vide, date=2025-09-16T11:39:06.468688700)
]]></system-out>
  </testcase>
</testsuite>