<?xml version="1.0" encoding="UTF-8"?>
<testsuite xmlns:xsi="http://www.w3.org/2001/XMLSchema-instance" xsi:noNamespaceSchemaLocation="https://maven.apache.org/surefire/maven-surefire-plugin/xsd/surefire-test-report-3.0.xsd" version="3.0" name="com.medilabosolutions.patient_service.controller.PatientControllerIT" time="12.403" tests="9" errors="0" skipped="0" failures="0">
  <properties>
[...]
</properties>
  <testcase name="deletePatient_ShouldReturnNoContent" classname="com.medilabosolutions.patient_service.controller.PatientControllerIT" time="1.689">
    <system-out><![CDATA[11:42:33.517 [main] INFO org.springframework.test.context.support.AnnotationConfigContextLoaderUtils -- Could not detect default configuration classes for test class [com.medilabosolutions.patient_service.controller.PatientControllerIT]: PatientControllerIT does not declare any static, non-private, non-final, nested classes annotated with @Configuration.
11:42:33.790 [main] INFO org.springframework.boot.test.context.SpringBootTestContextBootstrapper -- Found @SpringBootConfiguration com.medilabosolutions.patient_service.PatientServiceApplication for test class com.medilabosolutions.patient_service.controller.PatientControllerIT
11:42:34.178 [main] INFO org.springframework.boot.devtools.restart.RestartApplicationListener -- Restart disabled due to context in which it is running

  .   ____          _            __ _ _
 /\\ / ___'_ __ _ _(_)_ __  __ _ \ \ \ \
( ( )\___ | '_ | '_| | '_ \/ _` | \ \ \ \
 \\/  ___)| |_)| | | | | || (_| |  ) ) ) )
  '  |____| .__|_| |_|_| |_\__, | / / / /
 =========|_|==============|___/=/_/_/_/
 :: Spring Boot ::                (v3.1.5)

2025-09-16T11:42:34.792+02:00  INFO 5416 --- [           main] c.m.p.controller.PatientControllerIT     : Starting PatientControllerIT using Java 21.0.8 with PID 5416 (started by g.bujon in C:\Users\g.bujon\Desktop\MediLaboSolutions\patient-service)
2025-09-16T11:42:34.794+02:00  INFO 5416 --- [           main] c.m.p.controller.PatientControllerIT     : The following 1 profile is active: "test"
2025-09-16T11:42:34.832+02:00 DEBUG 5416 --- [           main] o.s.w.c.s.GenericWebApplicationContext   : Refreshing org.springframework.web.context.support.GenericWebApplicationContext@74ba6ff5
2025-09-16T11:42:36.758+02:00  INFO 5416 --- [           main] .s.d.r.c.RepositoryConfigurationDelegate : Bootstrapping Spring Data JPA repositories in DEFAULT mode.
2025-09-16T11:42:37.060+02:00  INFO 5416 --- [           main] .s.d.r.c.RepositoryConfigurationDelegate : Finished Spring Data repository scanning in 289 ms. Found 1 JPA repository interfaces.
2025-09-16T11:42:37.489+02:00  INFO 5416 --- [           main] o.s.cloud.context.scope.GenericScope     : BeanFactory id=03a8aa43-924b-3b86-bfc4-16fcbdb13d50
2025-09-16T11:42:38.002+02:00  INFO 5416 --- [           main] o.hibernate.jpa.internal.util.LogHelper  : HHH000204: Processing PersistenceUnitInfo [name: default]
2025-09-16T11:42:38.122+02:00  INFO 5416 --- [           main] org.hibernate.Version                    : HHH000412: Hibernate ORM core version 6.2.13.Final
2025-09-16T11:42:38.126+02:00  INFO 5416 --- [           main] org.hibernate.cfg.Environment            : HHH000406: Using bytecode reflection optimizer
2025-09-16T11:42:38.740+02:00  INFO 5416 --- [           main] o.s.o.j.p.SpringPersistenceUnitInfo      : No LoadTimeWeaver setup: ignoring JPA class transformer
2025-09-16T11:42:38.803+02:00  INFO 5416 --- [           main] com.zaxxer.hikari.HikariDataSource       : HikariPool-1 - Starting...
2025-09-16T11:42:39.330+02:00  INFO 5416 --- [           main] com.zaxxer.hikari.pool.HikariPool        : HikariPool-1 - Added connection conn0: url=jdbc:h2:mem:patient_test_db user=SA
2025-09-16T11:42:39.333+02:00  INFO 5416 --- [           main] com.zaxxer.hikari.HikariDataSource       : HikariPool-1 - Start completed.
2025-09-16T11:42:39.386+02:00  WARN 5416 --- [           main] org.hibernate.orm.deprecation            : HHH90000025: MySQL8Dialect does not need to be specified explicitly using 'hibernate.dialect' (remove the property setting and it will be selected by default)
2025-09-16T11:42:39.389+02:00  WARN 5416 --- [           main] org.hibernate.orm.deprecation            : HHH90000026: MySQL8Dialect has been deprecated; use org.hibernate.dialect.MySQLDialect instead
2025-09-16T11:42:41.142+02:00  INFO 5416 --- [           main] o.h.e.t.j.p.i.JtaPlatformInitiator       : HHH000489: No JTA platform available (set 'hibernate.transaction.jta.platform' to enable JTA platform integration)
Hibernate: 
    drop table if exists patients
Hibernate: 
    create table patients (
        birthdate date not null,
        date_created date,
        date_updated date,
        id bigint not null auto_increment,
        address varchar(255),
        first_name varchar(255) not null,
        gender varchar(255) not null,
        last_name varchar(255) not null,
        phone varchar(255),
        primary key (id)
    ) engine=InnoDB
2025-09-16T11:42:41.227+02:00  INFO 5416 --- [           main] j.LocalContainerEntityManagerFactoryBean : Initialized JPA EntityManagerFactory for persistence unit 'default'
2025-09-16T11:42:41.878+02:00  WARN 5416 --- [           main] JpaBaseConfiguration$JpaWebConfiguration : spring.jpa.open-in-view is enabled by default. Therefore, database queries may be performed during view rendering. Explicitly configure spring.jpa.open-in-view to disable this warning
2025-09-16T11:42:42.120+02:00 DEBUG 5416 --- [           main] s.w.s.m.m.a.RequestMappingHandlerAdapter : ControllerAdvice beans: 0 @ModelAttribute, 0 @InitBinder, 1 RequestBodyAdvice, 1 ResponseBodyAdvice
2025-09-16T11:42:42.294+02:00 DEBUG 5416 --- [           main] s.w.s.m.m.a.RequestMappingHandlerMapping : 8 mappings in 'requestMappingHandlerMapping'
2025-09-16T11:42:42.322+02:00 DEBUG 5416 --- [           main] o.s.w.s.handler.SimpleUrlHandlerMapping  : Patterns [/webjars/**, /**] in 'resourceHandlerMapping'
2025-09-16T11:42:42.336+02:00 DEBUG 5416 --- [           main] .m.m.a.ExceptionHandlerExceptionResolver : ControllerAdvice beans: 1 @ExceptionHandler, 1 ResponseBodyAdvice
2025-09-16T11:42:42.885+02:00  INFO 5416 --- [           main] o.s.b.t.m.w.SpringBootMockServletContext : Initializing Spring TestDispatcherServlet ''
2025-09-16T11:42:42.885+02:00  INFO 5416 --- [           main] o.s.t.web.servlet.TestDispatcherServlet  : Initializing Servlet ''
2025-09-16T11:42:42.894+02:00  INFO 5416 --- [           main] o.s.b.a.e.web.EndpointLinksResolver      : Exposing 2 endpoint(s) beneath base path '/actuator'
2025-09-16T11:42:42.928+02:00  INFO 5416 --- [           main] o.s.t.web.servlet.TestDispatcherServlet  : Completed initialization in 42 ms
2025-09-16T11:42:42.961+02:00  INFO 5416 --- [           main] DiscoveryClientOptionalArgsConfiguration : Eureka HTTP Client uses RestTemplate.
2025-09-16T11:42:43.028+02:00  WARN 5416 --- [           main] iguration$LoadBalancerCaffeineWarnLogger : Spring Cloud LoadBalancer is currently working with the default cache. While this cache implementation is useful for development and tests, it's recommended to use Caffeine cache in production.You can switch to using Caffeine cache, by adding it and org.springframework.cache.caffeine.CaffeineCacheManager to the classpath.
2025-09-16T11:42:43.106+02:00  INFO 5416 --- [           main] c.m.p.controller.PatientControllerIT     : Started PatientControllerIT in 8.966 seconds (process running for 11.549)
2025-09-16T11:42:44.097+02:00 DEBUG 5416 --- [           main] s.w.s.m.m.a.RequestMappingHandlerMapping : Mapped to com.medilabosolutions.patient_service.controller.PatientController#deletePatient(Long)
2025-09-16T11:42:44.121+02:00  INFO 5416 --- [           main] c.m.p.service.PatientService             : --- Deleting patient 1
Hibernate: 
    select
        count(*) 
    from
        patients p1_0 
    where
        p1_0.id=?
Hibernate: 
    select
        p1_0.id,
        p1_0.address,
        p1_0.birthdate,
        p1_0.date_created,
        p1_0.date_updated,
        p1_0.first_name,
        p1_0.gender,
        p1_0.last_name,
        p1_0.phone 
    from
        patients p1_0 
    where
        p1_0.id=?
Hibernate: 
    delete 
    from
        patients 
    where
        id=?
2025-09-16T11:42:44.856+02:00  INFO 5416 --- [           main] c.m.p.service.PatientService             : --- Patient 1 deleted
2025-09-16T11:42:44.874+02:00 DEBUG 5416 --- [           main] s.w.s.m.m.a.RequestMappingHandlerMapping : Mapped to com.medilabosolutions.patient_service.controller.PatientController#getPatientById(long)
2025-09-16T11:42:44.876+02:00  INFO 5416 --- [           main] c.m.p.service.PatientService             : --- Getting patient 1
Hibernate: 
    select
        p1_0.id,
        p1_0.address,
        p1_0.birthdate,
        p1_0.date_created,
        p1_0.date_updated,
        p1_0.first_name,
        p1_0.gender,
        p1_0.last_name,
        p1_0.phone 
    from
        patients p1_0 
    where
        p1_0.id=?
2025-09-16T11:42:44.879+02:00 DEBUG 5416 --- [           main] .m.m.a.ExceptionHandlerExceptionResolver : Using @ExceptionHandler com.medilabosolutions.patient_service.exception.GlobalExceptionHandler#handlePatientNotFound(PatientNotFoundException)
2025-09-16T11:42:44.895+02:00 DEBUG 5416 --- [           main] o.s.w.s.m.m.a.HttpEntityMethodProcessor  : Using 'application/json', given [*/*] and supported [application/json, application/*+json]
2025-09-16T11:42:44.897+02:00 DEBUG 5416 --- [           main] o.s.w.s.m.m.a.HttpEntityMethodProcessor  : Writing [{timestamp=2025-09-16T11:42:44.882013, message=Patient non trouvé avec l'ID : 1, error=Not Found, st (truncated)...]
2025-09-16T11:42:44.924+02:00 DEBUG 5416 --- [           main] .m.m.a.ExceptionHandlerExceptionResolver : Resolved [com.medilabosolutions.patient_service.exception.PatientNotFoundException: Patient non trouvé avec l'ID : 1]
]]></system-out>
    <system-err><![CDATA[WARNING: A Java agent has been loaded dynamically (C:\Users\g.bujon\.m2\repository\net\bytebuddy\byte-buddy-agent\1.14.9\byte-buddy-agent-1.14.9.jar)
WARNING: If a serviceability tool is in use, please run with -XX:+EnableDynamicAgentLoading to hide this warning
WARNING: If a serviceability tool is not in use, please run with -Djdk.instrument.traceUsage for more information
WARNING: Dynamic loading of agents will be disallowed by default in a future release
]]></system-err>
  </testcase>
  <testcase name="deleteAllPatients_ShouldRemoveAllPatients" classname="com.medilabosolutions.patient_service.controller.PatientControllerIT" time="0.169">
    <system-out><![CDATA[2025-09-16T11:42:44.951+02:00 DEBUG 5416 --- [           main] s.w.s.m.m.a.RequestMappingHandlerMapping : Mapped to com.medilabosolutions.patient_service.controller.PatientController#getAllPatients()
2025-09-16T11:42:44.952+02:00  INFO 5416 --- [           main] c.m.p.service.PatientService             : --- Getting patients
Hibernate: 
    select
        p1_0.id,
        p1_0.address,
        p1_0.birthdate,
        p1_0.date_created,
        p1_0.date_updated,
        p1_0.first_name,
        p1_0.gender,
        p1_0.last_name,
        p1_0.phone 
    from
        patients p1_0
2025-09-16T11:42:44.970+02:00 DEBUG 5416 --- [           main] o.s.w.s.m.m.a.HttpEntityMethodProcessor  : Using 'application/json', given [*/*] and supported [application/json, application/*+json]
2025-09-16T11:42:44.975+02:00 DEBUG 5416 --- [           main] o.s.w.s.m.m.a.HttpEntityMethodProcessor  : Writing [[PatientDTO[id=1, firstName=Jean, lastName=Dupont, birthdate=1985-05-15, gender=M, address=123 rue d (truncated)...]
2025-09-16T11:42:45.091+02:00 DEBUG 5416 --- [           main] s.w.s.m.m.a.RequestMappingHandlerMapping : Mapped to com.medilabosolutions.patient_service.controller.PatientController#deleteAllPatients()
2025-09-16T11:42:45.091+02:00  INFO 5416 --- [           main] c.m.p.service.PatientService             : --- Deleting all patients
Hibernate: 
    select
        p1_0.id,
        p1_0.address,
        p1_0.birthdate,
        p1_0.date_created,
        p1_0.date_updated,
        p1_0.first_name,
        p1_0.gender,
        p1_0.last_name,
        p1_0.phone 
    from
        patients p1_0
Hibernate: 
    delete 
    from
        patients 
    where
        id=?
Hibernate: 
    delete 
    from
        patients 
    where
        id=?
Hibernate: 
    delete 
    from
        patients 
    where
        id=?
2025-09-16T11:42:45.099+02:00  INFO 5416 --- [           main] c.m.p.service.PatientService             : --- All patients deleted
2025-09-16T11:42:45.102+02:00 DEBUG 5416 --- [           main] m.m.a.RequestResponseBodyMethodProcessor : Using 'application/json', given [*/*] and supported [application/json, application/*+json]
2025-09-16T11:42:45.103+02:00 DEBUG 5416 --- [           main] m.m.a.RequestResponseBodyMethodProcessor : Nothing to write: null body
2025-09-16T11:42:45.105+02:00 DEBUG 5416 --- [           main] s.w.s.m.m.a.RequestMappingHandlerMapping : Mapped to com.medilabosolutions.patient_service.controller.PatientController#getAllPatients()
2025-09-16T11:42:45.106+02:00  INFO 5416 --- [           main] c.m.p.service.PatientService             : --- Getting patients
Hibernate: 
    select
        p1_0.id,
        p1_0.address,
        p1_0.birthdate,
        p1_0.date_created,
        p1_0.date_updated,
        p1_0.first_name,
        p1_0.gender,
        p1_0.last_name,
        p1_0.phone 
    from
        patients p1_0
2025-09-16T11:42:45.109+02:00 DEBUG 5416 --- [           main] o.s.w.s.m.m.a.HttpEntityMethodProcessor  : Using 'application/json', given [*/*] and supported [application/json, application/*+json]
2025-09-16T11:42:45.109+02:00 DEBUG 5416 --- [           main] o.s.w.s.m.m.a.HttpEntityMethodProcessor  : Writing [[]]
]]></system-out>
  </testcase>
  <testcase name="getPatientById_WithNonExistentId_ShouldReturnNotFound" classname="com.medilabosolutions.patient_service.controller.PatientControllerIT" time="0.015">
    <system-out><![CDATA[2025-09-16T11:42:45.133+02:00 DEBUG 5416 --- [           main] s.w.s.m.m.a.RequestMappingHandlerMapping : Mapped to com.medilabosolutions.patient_service.controller.PatientController#getPatientById(long)
2025-09-16T11:42:45.133+02:00  INFO 5416 --- [           main] c.m.p.service.PatientService             : --- Getting patient 999
Hibernate: 
    select
        p1_0.id,
        p1_0.address,
        p1_0.birthdate,
        p1_0.date_created,
        p1_0.date_updated,
        p1_0.first_name,
        p1_0.gender,
        p1_0.last_name,
        p1_0.phone 
    from
        patients p1_0 
    where
        p1_0.id=?
2025-09-16T11:42:45.134+02:00 DEBUG 5416 --- [           main] .m.m.a.ExceptionHandlerExceptionResolver : Using @ExceptionHandler com.medilabosolutions.patient_service.exception.GlobalExceptionHandler#handlePatientNotFound(PatientNotFoundException)
2025-09-16T11:42:45.135+02:00 DEBUG 5416 --- [           main] o.s.w.s.m.m.a.HttpEntityMethodProcessor  : Using 'application/json', given [*/*] and supported [application/json, application/*+json]
2025-09-16T11:42:45.135+02:00 DEBUG 5416 --- [           main] o.s.w.s.m.m.a.HttpEntityMethodProcessor  : Writing [{timestamp=2025-09-16T11:42:45.135311900, message=Patient non trouvé avec l'ID : 999, error=Not Foun (truncated)...]
2025-09-16T11:42:45.135+02:00 DEBUG 5416 --- [           main] .m.m.a.ExceptionHandlerExceptionResolver : Resolved [com.medilabosolutions.patient_service.exception.PatientNotFoundException: Patient non trouvé avec l'ID : 999]
]]></system-out>
  </testcase>
  <testcase name="updatePatient_WithNonExistentId_ShouldReturnNotFound" classname="com.medilabosolutions.patient_service.controller.PatientControllerIT" time="0.086">
    <system-out><![CDATA[2025-09-16T11:42:45.155+02:00 DEBUG 5416 --- [           main] s.w.s.m.m.a.RequestMappingHandlerMapping : Mapped to com.medilabosolutions.patient_service.controller.PatientController#updatePatient(Long, PatientUpdateDTO)
2025-09-16T11:42:45.216+02:00 DEBUG 5416 --- [           main] m.m.a.RequestResponseBodyMethodProcessor : Read "application/json;charset=UTF-8" to [PatientUpdateDTO[id=999, firstName=Jean, lastName=Dupont, birthdate=1985-05-15, gender=M, address=12 (truncated)...]
2025-09-16T11:42:45.220+02:00  INFO 5416 --- [           main] c.m.p.controller.PatientController       : Updating patient PatientUpdateDTO[id=999, firstName=Jean, lastName=Dupont, birthdate=1985-05-15, gender=M, address=123 rue de Paris, 75001, phone=+33123456789]
2025-09-16T11:42:45.220+02:00  INFO 5416 --- [           main] c.m.p.service.PatientService             : --- Updating patient PatientUpdateDTO[id=999, firstName=Jean, lastName=Dupont, birthdate=1985-05-15, gender=M, address=123 rue de Paris, 75001, phone=+33123456789]
Hibernate: 
    select
        count(*) 
    from
        patients p1_0 
    where
        p1_0.id=?
2025-09-16T11:42:45.222+02:00 DEBUG 5416 --- [           main] .m.m.a.ExceptionHandlerExceptionResolver : Using @ExceptionHandler com.medilabosolutions.patient_service.exception.GlobalExceptionHandler#handlePatientNotFound(PatientNotFoundException)
2025-09-16T11:42:45.223+02:00 DEBUG 5416 --- [           main] o.s.w.s.m.m.a.HttpEntityMethodProcessor  : Using 'application/json', given [*/*] and supported [application/json, application/*+json]
2025-09-16T11:42:45.223+02:00 DEBUG 5416 --- [           main] o.s.w.s.m.m.a.HttpEntityMethodProcessor  : Writing [{timestamp=2025-09-16T11:42:45.223077700, message=Patient non trouvé avec l'ID : 999, error=Not Foun (truncated)...]
2025-09-16T11:42:45.223+02:00 DEBUG 5416 --- [           main] .m.m.a.ExceptionHandlerExceptionResolver : Resolved [com.medilabosolutions.patient_service.exception.PatientNotFoundException: Patient non trouvé avec l'ID : 999]
]]></system-out>
  </testcase>
  <testcase name="getPatientById_ShouldReturnPatient" classname="com.medilabosolutions.patient_service.controller.PatientControllerIT" time="0.017">
    <system-out><![CDATA[2025-09-16T11:42:45.237+02:00 DEBUG 5416 --- [           main] s.w.s.m.m.a.RequestMappingHandlerMapping : Mapped to com.medilabosolutions.patient_service.controller.PatientController#getPatientById(long)
2025-09-16T11:42:45.238+02:00  INFO 5416 --- [           main] c.m.p.service.PatientService             : --- Getting patient 1
Hibernate: 
    select
        p1_0.id,
        p1_0.address,
        p1_0.birthdate,
        p1_0.date_created,
        p1_0.date_updated,
        p1_0.first_name,
        p1_0.gender,
        p1_0.last_name,
        p1_0.phone 
    from
        patients p1_0 
    where
        p1_0.id=?
2025-09-16T11:42:45.243+02:00 DEBUG 5416 --- [           main] o.s.w.s.m.m.a.HttpEntityMethodProcessor  : Using 'application/json', given [*/*] and supported [application/json, application/*+json]
2025-09-16T11:42:45.243+02:00 DEBUG 5416 --- [           main] o.s.w.s.m.m.a.HttpEntityMethodProcessor  : Writing [PatientDTO[id=1, firstName=Jean, lastName=Dupont, birthdate=1985-05-15, gender=M, address=123 rue de (truncated)...]
]]></system-out>
  </testcase>
  <testcase name="createPatient_ShouldReturnCreatedPatient" classname="com.medilabosolutions.patient_service.controller.PatientControllerIT" time="0.194">
    <system-out><![CDATA[2025-09-16T11:42:45.259+02:00 DEBUG 5416 --- [           main] s.w.s.m.m.a.RequestMappingHandlerMapping : Mapped to com.medilabosolutions.patient_service.controller.PatientController#createPatient(PatientCreateDTO)
2025-09-16T11:42:45.276+02:00 DEBUG 5416 --- [           main] m.m.a.RequestResponseBodyMethodProcessor : Read "application/json;charset=UTF-8" to [PatientCreateDTO[firstName=Paul, lastName=Garcia, birthdate=1992-03-10, gender=M, address=321 rue de (truncated)...]
2025-09-16T11:42:45.367+02:00  INFO 5416 --- [           main] c.m.p.controller.PatientController       : Creating patient PatientCreateDTO[firstName=Paul, lastName=Garcia, birthdate=1992-03-10, gender=M, address=321 rue de Lyon, 69001, phone=+33456789012]
2025-09-16T11:42:45.368+02:00  INFO 5416 --- [           main] c.m.p.service.PatientService             : --- Creating patient PatientCreateDTO[firstName=Paul, lastName=Garcia, birthdate=1992-03-10, gender=M, address=321 rue de Lyon, 69001, phone=+33456789012]
Hibernate: 
    insert 
    into
        patients
        (address,birthdate,date_created,date_updated,first_name,gender,last_name,phone) 
    values
        (?,?,?,?,?,?,?,?)
2025-09-16T11:42:45.436+02:00  INFO 5416 --- [           main] c.m.p.service.PatientService             : --- Patient Patient(id=4, firstName=Paul, lastName=Garcia, birthdate=1992-03-10, gender=M, address=321 rue de Lyon, 69001, phone=+33456789012, dateCreated=2025-09-16, dateUpdated=2025-09-16) created
2025-09-16T11:42:45.438+02:00 DEBUG 5416 --- [           main] o.s.w.s.m.m.a.HttpEntityMethodProcessor  : Using 'application/json', given [*/*] and supported [application/json, application/*+json]
2025-09-16T11:42:45.439+02:00 DEBUG 5416 --- [           main] o.s.w.s.m.m.a.HttpEntityMethodProcessor  : Writing [PatientDTO[id=4, firstName=Paul, lastName=Garcia, birthdate=1992-03-10, gender=M, address=321 rue de (truncated)...]
]]></system-out>
  </testcase>
  <testcase name="getAllPatients_ShouldReturnPatientsList" classname="com.medilabosolutions.patient_service.controller.PatientControllerIT" time="0.014">
    <system-out><![CDATA[2025-09-16T11:42:45.451+02:00 DEBUG 5416 --- [           main] s.w.s.m.m.a.RequestMappingHandlerMapping : Mapped to com.medilabosolutions.patient_service.controller.PatientController#getAllPatients()
2025-09-16T11:42:45.451+02:00  INFO 5416 --- [           main] c.m.p.service.PatientService             : --- Getting patients
Hibernate: 
    select
        p1_0.id,
        p1_0.address,
        p1_0.birthdate,
        p1_0.date_created,
        p1_0.date_updated,
        p1_0.first_name,
        p1_0.gender,
        p1_0.last_name,
        p1_0.phone 
    from
        patients p1_0
2025-09-16T11:42:45.454+02:00 DEBUG 5416 --- [           main] o.s.w.s.m.m.a.HttpEntityMethodProcessor  : Using 'application/json', given [*/*] and supported [application/json, application/*+json]
2025-09-16T11:42:45.455+02:00 DEBUG 5416 --- [           main] o.s.w.s.m.m.a.HttpEntityMethodProcessor  : Writing [[PatientDTO[id=1, firstName=Jean, lastName=Dupont, birthdate=1985-05-15, gender=M, address=123 rue d (truncated)...]
]]></system-out>
  </testcase>
  <testcase name="updatePatient_ShouldReturnUpdatedPatient" classname="com.medilabosolutions.patient_service.controller.PatientControllerIT" time="0.058">
    <system-out><![CDATA[2025-09-16T11:42:45.469+02:00 DEBUG 5416 --- [           main] s.w.s.m.m.a.RequestMappingHandlerMapping : Mapped to com.medilabosolutions.patient_service.controller.PatientController#updatePatient(Long, PatientUpdateDTO)
2025-09-16T11:42:45.471+02:00 DEBUG 5416 --- [           main] m.m.a.RequestResponseBodyMethodProcessor : Read "application/json;charset=UTF-8" to [PatientUpdateDTO[id=1, firstName=Jean-Paul, lastName=Dupont, birthdate=1985-05-15, gender=M, address (truncated)...]
2025-09-16T11:42:45.471+02:00  INFO 5416 --- [           main] c.m.p.controller.PatientController       : Updating patient PatientUpdateDTO[id=1, firstName=Jean-Paul, lastName=Dupont, birthdate=1985-05-15, gender=M, address=123 rue de Paris, 75001, phone=+33123456789]
2025-09-16T11:42:45.471+02:00  INFO 5416 --- [           main] c.m.p.service.PatientService             : --- Updating patient PatientUpdateDTO[id=1, firstName=Jean-Paul, lastName=Dupont, birthdate=1985-05-15, gender=M, address=123 rue de Paris, 75001, phone=+33123456789]
Hibernate: 
    select
        count(*) 
    from
        patients p1_0 
    where
        p1_0.id=?
Hibernate: 
    select
        p1_0.id,
        p1_0.address,
        p1_0.birthdate,
        p1_0.date_created,
        p1_0.date_updated,
        p1_0.first_name,
        p1_0.gender,
        p1_0.last_name,
        p1_0.phone 
    from
        patients p1_0 
    where
        p1_0.id=?
Hibernate: 
    update
        patients 
    set
        address=?,
        birthdate=?,
        date_created=?,
        date_updated=?,
        first_name=?,
        gender=?,
        last_name=?,
        phone=? 
    where
        id=?
2025-09-16T11:42:45.513+02:00  INFO 5416 --- [           main] c.m.p.service.PatientService             : --- Patient Patient(id=1, firstName=Jean-Paul, lastName=Dupont, birthdate=1985-05-15, gender=M, address=123 rue de Paris, 75001, phone=+33123456789, dateCreated=null, dateUpdated=2025-09-16) updated
2025-09-16T11:42:45.516+02:00 DEBUG 5416 --- [           main] o.s.w.s.m.m.a.HttpEntityMethodProcessor  : Using 'application/json', given [*/*] and supported [application/json, application/*+json]
2025-09-16T11:42:45.516+02:00 DEBUG 5416 --- [           main] o.s.w.s.m.m.a.HttpEntityMethodProcessor  : Writing [PatientUpdateDTO[id=1, firstName=Jean-Paul, lastName=Dupont, birthdate=1985-05-15, gender=M, address (truncated)...]
]]></system-out>
  </testcase>
  <testcase name="createPatient_WithInvalidData_ShouldReturnBadRequest" classname="com.medilabosolutions.patient_service.controller.PatientControllerIT" time="0.03">
    <system-out><![CDATA[2025-09-16T11:42:45.536+02:00 DEBUG 5416 --- [           main] s.w.s.m.m.a.RequestMappingHandlerMapping : Mapped to com.medilabosolutions.patient_service.controller.PatientController#createPatient(PatientCreateDTO)
2025-09-16T11:42:45.538+02:00 DEBUG 5416 --- [           main] m.m.a.RequestResponseBodyMethodProcessor : Read "application/json;charset=UTF-8" to [PatientCreateDTO[firstName=Jean, lastName=Dupont, birthdate=2025-09-17, gender=M, address=123 rue de (truncated)...]
2025-09-16T11:42:45.549+02:00  WARN 5416 --- [           main] .w.s.m.s.DefaultHandlerExceptionResolver : Resolved [org.springframework.web.bind.MethodArgumentNotValidException: Validation failed for argument [0] in public org.springframework.http.ResponseEntity<com.medilabosolutions.patient_service.dto.PatientDTO> com.medilabosolutions.patient_service.controller.PatientController.createPatient(com.medilabosolutions.patient_service.dto.PatientCreateDTO): [Field error in object 'patientCreateDTO' on field 'birthdate': rejected value [2025-09-17]; codes [Past.patientCreateDTO.birthdate,Past.birthdate,Past.java.time.LocalDate,Past]; arguments [org.springframework.context.support.DefaultMessageSourceResolvable: codes [patientCreateDTO.birthdate,birthdate]; arguments []; default message [birthdate]]; default message [La date de naissance doit être dans le passé]] ]
]]></system-out>
  </testcase>
</testsuite>