<?xml version="1.0" encoding="UTF-8"?>
<testsuite xmlns:xsi="http://www.w3.org/2001/XMLSchema-instance" xsi:noNamespaceSchemaLocation="https://maven.apache.org/surefire/maven-surefire-plugin/xsd/surefire-test-report-3.0.xsd" version="3.0" name="com.medilabosolutions.patient_service.service.PatientServiceTest" time="1.275" tests="11" errors="0" skipped="0" failures="0">
  <properties>
[...]
</properties>
  <testcase name="deletePatient_WhenPatientExists_ShouldDeletePatient" classname="com.medilabosolutions.patient_service.service.PatientServiceTest" time="0.797">
    <system-out><![CDATA[2025-09-16T11:42:46.329+02:00  INFO 5416 --- [           main] c.m.p.service.PatientService             : --- Deleting patient 1
2025-09-16T11:42:46.343+02:00  INFO 5416 --- [           main] c.m.p.service.PatientService             : --- Patient 1 deleted
]]></system-out>
  </testcase>
  <testcase name="getAllPatients_WhenNoPatients_ShouldReturnEmptyList" classname="com.medilabosolutions.patient_service.service.PatientServiceTest" time="0.344">
    <system-out><![CDATA[2025-09-16T11:42:46.384+02:00  INFO 5416 --- [           main] c.m.p.service.PatientService             : --- Getting patients
]]></system-out>
  </testcase>
  <testcase name="createPatient_ShouldSaveAndReturnPatientDTO" classname="com.medilabosolutions.patient_service.service.PatientServiceTest" time="0.014">
    <system-out><![CDATA[2025-09-16T11:42:46.734+02:00  INFO 5416 --- [           main] c.m.p.service.PatientService             : --- Creating patient PatientCreateDTO[firstName=John, lastName=Doe, birthdate=1990-01-01, gender=M, address=123 Main St, phone=555-1234]
2025-09-16T11:42:46.735+02:00  INFO 5416 --- [           main] c.m.p.service.PatientService             : --- Patient Patient(id=1, firstName=John, lastName=Doe, birthdate=1990-01-01, gender=M, address=123 Main St, phone=555-1234, dateCreated=null, dateUpdated=null) created
]]></system-out>
  </testcase>
  <testcase name="getAllPatients_ShouldReturnListOfPatientDTOs" classname="com.medilabosolutions.patient_service.service.PatientServiceTest" time="0.021">
    <system-out><![CDATA[2025-09-16T11:42:46.747+02:00  INFO 5416 --- [           main] c.m.p.service.PatientService             : --- Getting patients
]]></system-out>
  </testcase>
  <testcase name="getPatientById_WhenPatientExists_ShouldReturnPatientDTO" classname="com.medilabosolutions.patient_service.service.PatientServiceTest" time="0.005">
    <system-out><![CDATA[2025-09-16T11:42:46.769+02:00  INFO 5416 --- [           main] c.m.p.service.PatientService             : --- Getting patient 1
]]></system-out>
  </testcase>
  <testcase name="getPatientById_WithDifferentPatient_ShouldReturnCorrectPatientDTO" classname="com.medilabosolutions.patient_service.service.PatientServiceTest" time="0.027">
    <system-out><![CDATA[2025-09-16T11:42:46.775+02:00  INFO 5416 --- [           main] c.m.p.service.PatientService             : --- Getting patient 2
]]></system-out>
  </testcase>
  <testcase name="updatePatient_WhenPatientNotExists_ShouldThrowException" classname="com.medilabosolutions.patient_service.service.PatientServiceTest" time="0.011">
    <system-out><![CDATA[2025-09-16T11:42:46.805+02:00  INFO 5416 --- [           main] c.m.p.service.PatientService             : --- Updating patient PatientUpdateDTO[id=1, firstName=John, lastName=Updated, birthdate=1990-01-01, gender=M, address=456 New St, phone=555-5678]
]]></system-out>
  </testcase>
  <testcase name="deleteAllPatients_ShouldCallRepositoryDeleteAll" classname="com.medilabosolutions.patient_service.service.PatientServiceTest" time="0.005">
    <system-out><![CDATA[2025-09-16T11:42:46.818+02:00  INFO 5416 --- [           main] c.m.p.service.PatientService             : --- Deleting all patients
2025-09-16T11:42:46.818+02:00  INFO 5416 --- [           main] c.m.p.service.PatientService             : --- All patients deleted
]]></system-out>
  </testcase>
  <testcase name="updatePatient_WhenPatientExists_ShouldUpdateAndReturnDTO" classname="com.medilabosolutions.patient_service.service.PatientServiceTest" time="0.008">
    <system-out><![CDATA[2025-09-16T11:42:46.824+02:00  INFO 5416 --- [           main] c.m.p.service.PatientService             : --- Updating patient PatientUpdateDTO[id=1, firstName=John, lastName=Updated, birthdate=1990-01-01, gender=M, address=456 New St, phone=555-5678]
2025-09-16T11:42:46.825+02:00  INFO 5416 --- [           main] c.m.p.service.PatientService             : --- Patient Patient(id=1, firstName=John, lastName=Updated, birthdate=1990-01-01, gender=M, address=456 New St, phone=555-5678, dateCreated=null, dateUpdated=null) updated
]]></system-out>
  </testcase>
  <testcase name="deletePatient_WhenPatientNotExists_ShouldThrowException" classname="com.medilabosolutions.patient_service.service.PatientServiceTest" time="0.005">
    <system-out><![CDATA[2025-09-16T11:42:46.835+02:00  INFO 5416 --- [           main] c.m.p.service.PatientService             : --- Deleting patient 999
]]></system-out>
  </testcase>
  <testcase name="getPatientById_WhenPatientNotExists_ShouldThrowException" classname="com.medilabosolutions.patient_service.service.PatientServiceTest" time="0.005">
    <system-out><![CDATA[2025-09-16T11:42:46.842+02:00  INFO 5416 --- [           main] c.m.p.service.PatientService             : --- Getting patient 999
]]></system-out>
  </testcase>
</testsuite>